300
124565
124566
118591
128009
128008
128007
126898
128005
128004
133214
128807
128806
128805
124567
128803
128802
128801
128800
121516
121514
121515
121513
120980
120981
129718
131539
130733
118971
128804
134032
123835
123834
123833
123832
133131
128006
130695
128763
128764
133332
122634
132316
123127
134031
132413
132412
121740
120999
120998
133213
118888
120997
133219
121739
118889
123125
123124
118969
123126
118640
130469
121628
121629
129715
129888
125447
118885
129717
127792
119870
129887
125434
120423
132346
120425
120424
125293
129865
121001
118710
127953
127954
127955
127956
128744
129895
129894
118651
118652
129658
133063
121631
121630
125602
125603
125600
125601
119869
119868
129710
129711
119867
119866
127222
127223
129716
127221
119317
119316
125431
124598
125432
124595
124597
124596
127125
127124
119318
118703
128693
128691
118707
118706
118705
118704
118709
118708
133134
128753
128692
118662
118663
129570
131822
129573
123103
133216
131489
133962
126896
126897
126894
126895
123864
123147
123866
134108
123862
130734
130736
117859
130730
130731
130732
126361
127831
130742
130738
121496
133218
129455
125336
125337
125334
125335
129712
130737
130672
134033
133932
129567
131425
126880
132282
133130
129569
129568
131490
120945
126881
126610
126883
126882
126884
133133
127577
129867
129574
121543
121542
121782
121781
128031
129866
128888
120362
128751
130686
120361
130685
121667
125428
121662
121663
124731
122379
124534
121668
131538
129893
133064
118608
118609
119836
119837
133220
119835
118603
118886
118887
118606
118607
131480
131483
131485
131484
130743
131488
125545
125544
125547
125546
126364
132342
126366
126367
126368
126369
132345
131585
118869
133995
130687
125316
125317
125318
133994
133993
127224
129456
121778
121779
129453
129452
127264
129450
118611
118610
118613
118612
118614
126362
132344
129713
128011
120452
120453
120454
120455
132341
119353
119352
119351
132339
126363
119356
119355
126370
128797
129454
122399
123146
123145
123865
122401
122400
120979
123148
122391
122390
122393
122392
132340
129641
119816
128752
126753
129036
132417
129714
